<?xml version="1.0" encoding="UTF-8"?>
<!-- Generated by org.testng.reporters.JUnitReportReporter -->
<testsuite hostname="192.168.1.8" failures="0" tests="2" name="pract.test.addProductToCartTest" time="45.705" errors="0" timestamp="2024-01-31T15:27:56 IST" skipped="0">
  <testcase classname="pract.test.addProductToCartTest" name="validateproductinorders" time="16.937"/>
  <system-out/>
  <testcase classname="pract.test.addProductToCartTest" name="addToCartTest" time="28.768"/>
  <system-out/>
</testsuite> <!-- pract.test.addProductToCartTest -->
