<?xml version="1.0" encoding="UTF-8"?>
<!-- Generated by org.testng.reporters.JUnitReportReporter -->
<testsuite hostname="192.168.1.150" failures="0" tests="2" name="pract.test.test" time="53.827" errors="0" timestamp="2024-01-24T12:38:01 IST" skipped="0">
  <testcase classname="pract.test.test" name="validateproductinorders" time="22.303"/>
  <system-out/>
  <testcase classname="pract.test.test" name="addToCartTest" time="31.524"/>
  <system-out/>
</testsuite> <!-- pract.test.test -->
