<?xml version="1.0" encoding="UTF-8"?>
<!-- Generated by org.testng.reporters.JUnitReportReporter -->
<testsuite hostname="192.168.1.8" failures="0" tests="2" name="pract.test.loginTest" time="25.175" errors="0" timestamp="2024-01-31T15:28:38 IST" skipped="0">
  <testcase classname="pract.test.loginTest" name="validate_InvalidLogin" time="11.990"/>
  <system-out/>
  <testcase classname="pract.test.loginTest" name="valid_login" time="13.185"/>
  <system-out/>
</testsuite> <!-- pract.test.loginTest -->
